epsilon: 0.1     learning rate: 0.1
Starting on 5-18 at 18:21:03

Question q8
===========

*** FAIL: test_cases/q8/grade-agent.test
***     Solution is not correct.
***        Student solution: (0.1, 0.1)
*** Tests failed.

### Question q8: 0/1 ###


Finished at 18:21:03

Provisional grades
==================
Question q8: 0/1
------------------
Total: 0/1

Your grades are NOT yet registered.  To register your grades, make sure
to follow your instructor's guidelines to receive credit on your project.

epsilon: 0.1     learning rate: 0.1
Starting on 5-18 at 18:21:03

Question q8
===========

*** FAIL: test_cases/q8/grade-agent.test
***     Solution is not correct.
***        Student solution: (0.1, 0.1)
*** Tests failed.

### Question q8: 0/1 ###


Finished at 18:21:03

Provisional grades
==================
Question q8: 0/1
------------------
Total: 0/1

Your grades are NOT yet registered.  To register your grades, make sure
to follow your instructor's guidelines to receive credit on your project.

epsilon: 0.1     learning rate: 0.2
Starting on 5-18 at 18:21:03

Question q8
===========

*** FAIL: test_cases/q8/grade-agent.test
***     Solution is not correct.
***        Student solution: (0.1, 0.1)
*** Tests failed.

### Question q8: 0/1 ###


Finished at 18:21:03

Provisional grades
==================
Question q8: 0/1
------------------
Total: 0/1

Your grades are NOT yet registered.  To register your grades, make sure
to follow your instructor's guidelines to receive credit on your project.

epsilon: 0.1     learning rate: 0.3
Starting on 5-18 at 18:21:03

Question q8
===========

*** FAIL: test_cases/q8/grade-agent.test
***     Solution is not correct.
***        Student solution: (0.1, 0.1)
*** Tests failed.

### Question q8: 0/1 ###


Finished at 18:21:03

Provisional grades
==================
Question q8: 0/1
------------------
Total: 0/1

Your grades are NOT yet registered.  To register your grades, make sure
to follow your instructor's guidelines to receive credit on your project.

epsilon: 0.1     learning rate: 0.4
Starting on 5-18 at 18:21:03

Question q8
===========

*** FAIL: test_cases/q8/grade-agent.test
***     Solution is not correct.
***        Student solution: (0.1, 0.1)
*** Tests failed.

### Question q8: 0/1 ###


Finished at 18:21:03

Provisional grades
==================
Question q8: 0/1
------------------
Total: 0/1

Your grades are NOT yet registered.  To register your grades, make sure
to follow your instructor's guidelines to receive credit on your project.

epsilon: 0.1     learning rate: 0.5
Starting on 5-18 at 18:21:03

Question q8
===========

*** FAIL: test_cases/q8/grade-agent.test
***     Solution is not correct.
***        Student solution: (0.1, 0.1)
*** Tests failed.

### Question q8: 0/1 ###


Finished at 18:21:03

Provisional grades
==================
Question q8: 0/1
------------------
Total: 0/1

Your grades are NOT yet registered.  To register your grades, make sure
to follow your instructor's guidelines to receive credit on your project.

epsilon: 0.1     learning rate: 0.6
Starting on 5-18 at 18:21:03

Question q8
===========

*** FAIL: test_cases/q8/grade-agent.test
***     Solution is not correct.
***        Student solution: (0.1, 0.1)
*** Tests failed.

### Question q8: 0/1 ###


Finished at 18:21:03

Provisional grades
==================
Question q8: 0/1
------------------
Total: 0/1

Your grades are NOT yet registered.  To register your grades, make sure
to follow your instructor's guidelines to receive credit on your project.

epsilon: 0.1     learning rate: 0.7
Starting on 5-18 at 18:21:03

Question q8
===========

*** FAIL: test_cases/q8/grade-agent.test
***     Solution is not correct.
***        Student solution: (0.1, 0.1)
*** Tests failed.

### Question q8: 0/1 ###


Finished at 18:21:03

Provisional grades
==================
Question q8: 0/1
------------------
Total: 0/1

Your grades are NOT yet registered.  To register your grades, make sure
to follow your instructor's guidelines to receive credit on your project.

epsilon: 0.1     learning rate: 0.8
Starting on 5-18 at 18:21:03

Question q8
===========

*** FAIL: test_cases/q8/grade-agent.test
***     Solution is not correct.
***        Student solution: (0.1, 0.1)
*** Tests failed.

### Question q8: 0/1 ###


Finished at 18:21:03

Provisional grades
==================
Question q8: 0/1
------------------
Total: 0/1

Your grades are NOT yet registered.  To register your grades, make sure
to follow your instructor's guidelines to receive credit on your project.

epsilon: 0.1     learning rate: 0.9
Starting on 5-18 at 18:21:03

Question q8
===========

*** FAIL: test_cases/q8/grade-agent.test
***     Solution is not correct.
***        Student solution: (0.1, 0.1)
*** Tests failed.

### Question q8: 0/1 ###


Finished at 18:21:03

Provisional grades
==================
Question q8: 0/1
------------------
Total: 0/1

Your grades are NOT yet registered.  To register your grades, make sure
to follow your instructor's guidelines to receive credit on your project.

epsilon: 0.1     learning rate: 1.0
Starting on 5-18 at 18:21:03

Question q8
===========

*** FAIL: test_cases/q8/grade-agent.test
***     Solution is not correct.
***        Student solution: (0.1, 0.1)
*** Tests failed.

### Question q8: 0/1 ###


Finished at 18:21:03

Provisional grades
==================
Question q8: 0/1
------------------
Total: 0/1

Your grades are NOT yet registered.  To register your grades, make sure
to follow your instructor's guidelines to receive credit on your project.

epsilon: 0.1     learning rate: 0.1
Starting on 5-18 at 18:21:03

Question q8
===========

*** FAIL: test_cases/q8/grade-agent.test
***     Solution is not correct.
***        Student solution: (0.1, 0.1)
*** Tests failed.

### Question q8: 0/1 ###


Finished at 18:21:03

Provisional grades
==================
Question q8: 0/1
------------------
Total: 0/1

Your grades are NOT yet registered.  To register your grades, make sure
to follow your instructor's guidelines to receive credit on your project.

epsilon: 0.1     learning rate: 0.1
Starting on 5-18 at 18:21:03

Question q8
===========

*** FAIL: test_cases/q8/grade-agent.test
***     Solution is not correct.
***        Student solution: (0.1, 0.1)
*** Tests failed.

### Question q8: 0/1 ###


Finished at 18:21:03

Provisional grades
==================
Question q8: 0/1
------------------
Total: 0/1

Your grades are NOT yet registered.  To register your grades, make sure
to follow your instructor's guidelines to receive credit on your project.

epsilon: 0.1     learning rate: 0.2
Starting on 5-18 at 18:21:03

Question q8
===========

*** FAIL: test_cases/q8/grade-agent.test
***     Solution is not correct.
***        Student solution: (0.1, 0.1)
*** Tests failed.

### Question q8: 0/1 ###


Finished at 18:21:03

Provisional grades
==================
Question q8: 0/1
------------------
Total: 0/1

Your grades are NOT yet registered.  To register your grades, make sure
to follow your instructor's guidelines to receive credit on your project.

epsilon: 0.1     learning rate: 0.3
Starting on 5-18 at 18:21:03

Question q8
===========

*** FAIL: test_cases/q8/grade-agent.test
***     Solution is not correct.
***        Student solution: (0.1, 0.1)
*** Tests failed.

### Question q8: 0/1 ###


Finished at 18:21:03

Provisional grades
==================
Question q8: 0/1
------------------
Total: 0/1

Your grades are NOT yet registered.  To register your grades, make sure
to follow your instructor's guidelines to receive credit on your project.

epsilon: 0.1     learning rate: 0.4
Starting on 5-18 at 18:21:04

Question q8
===========

*** FAIL: test_cases/q8/grade-agent.test
***     Solution is not correct.
***        Student solution: (0.1, 0.1)
*** Tests failed.

### Question q8: 0/1 ###


Finished at 18:21:04

Provisional grades
==================
Question q8: 0/1
------------------
Total: 0/1

Your grades are NOT yet registered.  To register your grades, make sure
to follow your instructor's guidelines to receive credit on your project.

epsilon: 0.1     learning rate: 0.5
Starting on 5-18 at 18:21:04

Question q8
===========

*** FAIL: test_cases/q8/grade-agent.test
***     Solution is not correct.
***        Student solution: (0.1, 0.5)
*** Tests failed.

### Question q8: 0/1 ###


Finished at 18:21:04

Provisional grades
==================
Question q8: 0/1
------------------
Total: 0/1

Your grades are NOT yet registered.  To register your grades, make sure
to follow your instructor's guidelines to receive credit on your project.

epsilon: 0.1     learning rate: 0.6
Starting on 5-18 at 18:21:04

Question q8
===========

*** FAIL: test_cases/q8/grade-agent.test
***     Solution is not correct.
***        Student solution: (0.1, 0.5)
*** Tests failed.

### Question q8: 0/1 ###


Finished at 18:21:04

Provisional grades
==================
Question q8: 0/1
------------------
Total: 0/1

Your grades are NOT yet registered.  To register your grades, make sure
to follow your instructor's guidelines to receive credit on your project.

epsilon: 0.1     learning rate: 0.7
Starting on 5-18 at 18:21:04

Question q8
===========

*** FAIL: test_cases/q8/grade-agent.test
***     Solution is not correct.
***        Student solution: (0.1, 0.5)
*** Tests failed.

### Question q8: 0/1 ###


Finished at 18:21:04

Provisional grades
==================
Question q8: 0/1
------------------
Total: 0/1

Your grades are NOT yet registered.  To register your grades, make sure
to follow your instructor's guidelines to receive credit on your project.

epsilon: 0.1     learning rate: 0.8
Starting on 5-18 at 18:21:04

Question q8
===========

*** FAIL: test_cases/q8/grade-agent.test
***     Solution is not correct.
***        Student solution: (0.1, 0.5)
*** Tests failed.

### Question q8: 0/1 ###


Finished at 18:21:04

Provisional grades
==================
Question q8: 0/1
------------------
Total: 0/1

Your grades are NOT yet registered.  To register your grades, make sure
to follow your instructor's guidelines to receive credit on your project.

epsilon: 0.1     learning rate: 0.9
Starting on 5-18 at 18:21:04

Question q8
===========

*** FAIL: test_cases/q8/grade-agent.test
***     Solution is not correct.
***        Student solution: (0.1, 0.5)
*** Tests failed.

### Question q8: 0/1 ###


Finished at 18:21:04

Provisional grades
==================
Question q8: 0/1
------------------
Total: 0/1

Your grades are NOT yet registered.  To register your grades, make sure
to follow your instructor's guidelines to receive credit on your project.

epsilon: 0.1     learning rate: 1.0
Starting on 5-18 at 18:21:04

Question q8
===========

*** FAIL: test_cases/q8/grade-agent.test
***     Solution is not correct.
***        Student solution: (0.1, 0.5)
*** Tests failed.

### Question q8: 0/1 ###


Finished at 18:21:04

Provisional grades
==================
Question q8: 0/1
------------------
Total: 0/1

Your grades are NOT yet registered.  To register your grades, make sure
to follow your instructor's guidelines to receive credit on your project.

epsilon: 0.2     learning rate: 0.1
Starting on 5-18 at 18:21:04

Question q8
===========

*** FAIL: test_cases/q8/grade-agent.test
***     Solution is not correct.
***        Student solution: (0.1, 0.5)
*** Tests failed.

### Question q8: 0/1 ###


Finished at 18:21:04

Provisional grades
==================
Question q8: 0/1
------------------
Total: 0/1

Your grades are NOT yet registered.  To register your grades, make sure
to follow your instructor's guidelines to receive credit on your project.

epsilon: 0.2     learning rate: 0.1
Starting on 5-18 at 18:21:04

Question q8
===========

*** FAIL: test_cases/q8/grade-agent.test
***     Solution is not correct.
***        Student solution: (0.1, 0.5)
*** Tests failed.

### Question q8: 0/1 ###


Finished at 18:21:04

Provisional grades
==================
Question q8: 0/1
------------------
Total: 0/1

Your grades are NOT yet registered.  To register your grades, make sure
to follow your instructor's guidelines to receive credit on your project.

epsilon: 0.2     learning rate: 0.2
Starting on 5-18 at 18:21:04

Question q8
===========

*** FAIL: test_cases/q8/grade-agent.test
***     Solution is not correct.
***        Student solution: (0.1, 0.5)
*** Tests failed.

### Question q8: 0/1 ###


Finished at 18:21:04

Provisional grades
==================
Question q8: 0/1
------------------
Total: 0/1

Your grades are NOT yet registered.  To register your grades, make sure
to follow your instructor's guidelines to receive credit on your project.

epsilon: 0.2     learning rate: 0.3
Starting on 5-18 at 18:21:04

Question q8
===========

*** FAIL: test_cases/q8/grade-agent.test
***     Solution is not correct.
***        Student solution: (0.1, 0.5)
*** Tests failed.

### Question q8: 0/1 ###


Finished at 18:21:04

Provisional grades
==================
Question q8: 0/1
------------------
Total: 0/1

Your grades are NOT yet registered.  To register your grades, make sure
to follow your instructor's guidelines to receive credit on your project.

epsilon: 0.2     learning rate: 0.4
Starting on 5-18 at 18:21:04

Question q8
===========

*** FAIL: test_cases/q8/grade-agent.test
***     Solution is not correct.
***        Student solution: (0.1, 0.5)
*** Tests failed.

### Question q8: 0/1 ###


Finished at 18:21:04

Provisional grades
==================
Question q8: 0/1
------------------
Total: 0/1

Your grades are NOT yet registered.  To register your grades, make sure
to follow your instructor's guidelines to receive credit on your project.

epsilon: 0.2     learning rate: 0.5
Starting on 5-18 at 18:21:04

Question q8
===========

*** FAIL: test_cases/q8/grade-agent.test
***     Solution is not correct.
***        Student solution: (0.1, 0.5)
*** Tests failed.

### Question q8: 0/1 ###


Finished at 18:21:04

Provisional grades
==================
Question q8: 0/1
------------------
Total: 0/1

Your grades are NOT yet registered.  To register your grades, make sure
to follow your instructor's guidelines to receive credit on your project.

epsilon: 0.2     learning rate: 0.6
Starting on 5-18 at 18:21:04

Question q8
===========

*** FAIL: test_cases/q8/grade-agent.test
***     Solution is not correct.
***        Student solution: (0.1, 0.5)
*** Tests failed.

### Question q8: 0/1 ###


Finished at 18:21:04

Provisional grades
==================
Question q8: 0/1
------------------
Total: 0/1

Your grades are NOT yet registered.  To register your grades, make sure
to follow your instructor's guidelines to receive credit on your project.

epsilon: 0.2     learning rate: 0.7
Starting on 5-18 at 18:21:04

Question q8
===========

*** FAIL: test_cases/q8/grade-agent.test
***     Solution is not correct.
***        Student solution: (0.1, 0.5)
*** Tests failed.

### Question q8: 0/1 ###


Finished at 18:21:04

Provisional grades
==================
Question q8: 0/1
------------------
Total: 0/1

Your grades are NOT yet registered.  To register your grades, make sure
to follow your instructor's guidelines to receive credit on your project.

epsilon: 0.2     learning rate: 0.8
Starting on 5-18 at 18:21:04

Question q8
===========

*** FAIL: test_cases/q8/grade-agent.test
***     Solution is not correct.
***        Student solution: (0.1, 0.5)
*** Tests failed.

### Question q8: 0/1 ###


Finished at 18:21:04

Provisional grades
==================
Question q8: 0/1
------------------
Total: 0/1

Your grades are NOT yet registered.  To register your grades, make sure
to follow your instructor's guidelines to receive credit on your project.

epsilon: 0.2     learning rate: 0.9
Starting on 5-18 at 18:21:04

Question q8
===========

*** FAIL: test_cases/q8/grade-agent.test
***     Solution is not correct.
***        Student solution: (0.1, 0.5)
*** Tests failed.

### Question q8: 0/1 ###


Finished at 18:21:04

Provisional grades
==================
Question q8: 0/1
------------------
Total: 0/1

Your grades are NOT yet registered.  To register your grades, make sure
to follow your instructor's guidelines to receive credit on your project.

epsilon: 0.2     learning rate: 1.0
Starting on 5-18 at 18:21:04

Question q8
===========

*** FAIL: test_cases/q8/grade-agent.test
***     Solution is not correct.
***        Student solution: (0.1, 0.5)
*** Tests failed.

### Question q8: 0/1 ###


Finished at 18:21:04

Provisional grades
==================
Question q8: 0/1
------------------
Total: 0/1

Your grades are NOT yet registered.  To register your grades, make sure
to follow your instructor's guidelines to receive credit on your project.

epsilon: 0.3     learning rate: 0.1
Starting on 5-18 at 18:21:04

Question q8
===========

*** FAIL: test_cases/q8/grade-agent.test
***     Solution is not correct.
***        Student solution: (0.1, 0.5)
*** Tests failed.

### Question q8: 0/1 ###


Finished at 18:21:04

Provisional grades
==================
Question q8: 0/1
------------------
Total: 0/1

Your grades are NOT yet registered.  To register your grades, make sure
to follow your instructor's guidelines to receive credit on your project.

epsilon: 0.3     learning rate: 0.1
Starting on 5-18 at 18:21:04

Question q8
===========

*** FAIL: test_cases/q8/grade-agent.test
***     Solution is not correct.
***        Student solution: (0.1, 0.5)
*** Tests failed.

### Question q8: 0/1 ###


Finished at 18:21:04

Provisional grades
==================
Question q8: 0/1
------------------
Total: 0/1

Your grades are NOT yet registered.  To register your grades, make sure
to follow your instructor's guidelines to receive credit on your project.

epsilon: 0.3     learning rate: 0.2
Starting on 5-18 at 18:21:04

Question q8
===========

*** FAIL: test_cases/q8/grade-agent.test
***     Solution is not correct.
***        Student solution: (0.1, 0.5)
*** Tests failed.

### Question q8: 0/1 ###


Finished at 18:21:04

Provisional grades
==================
Question q8: 0/1
------------------
Total: 0/1

Your grades are NOT yet registered.  To register your grades, make sure
to follow your instructor's guidelines to receive credit on your project.

epsilon: 0.3     learning rate: 0.3
Starting on 5-18 at 18:21:04

Question q8
===========

*** FAIL: test_cases/q8/grade-agent.test
***     Solution is not correct.
***        Student solution: (0.1, 0.5)
*** Tests failed.

### Question q8: 0/1 ###


Finished at 18:21:04

Provisional grades
==================
Question q8: 0/1
------------------
Total: 0/1

Your grades are NOT yet registered.  To register your grades, make sure
to follow your instructor's guidelines to receive credit on your project.

epsilon: 0.3     learning rate: 0.4
Starting on 5-18 at 18:21:04

Question q8
===========

*** FAIL: test_cases/q8/grade-agent.test
***     Solution is not correct.
***        Student solution: (0.1, 0.5)
*** Tests failed.

### Question q8: 0/1 ###


Finished at 18:21:04

Provisional grades
==================
Question q8: 0/1
------------------
Total: 0/1

Your grades are NOT yet registered.  To register your grades, make sure
to follow your instructor's guidelines to receive credit on your project.

epsilon: 0.3     learning rate: 0.5
Starting on 5-18 at 18:21:04

Question q8
===========

*** FAIL: test_cases/q8/grade-agent.test
***     Solution is not correct.
***        Student solution: (0.1, 0.5)
*** Tests failed.

### Question q8: 0/1 ###


Finished at 18:21:04

Provisional grades
==================
Question q8: 0/1
------------------
Total: 0/1

Your grades are NOT yet registered.  To register your grades, make sure
to follow your instructor's guidelines to receive credit on your project.

epsilon: 0.3     learning rate: 0.6
Starting on 5-18 at 18:21:04

Question q8
===========

*** FAIL: test_cases/q8/grade-agent.test
***     Solution is not correct.
***        Student solution: (0.1, 0.5)
*** Tests failed.

### Question q8: 0/1 ###


Finished at 18:21:04

Provisional grades
==================
Question q8: 0/1
------------------
Total: 0/1

Your grades are NOT yet registered.  To register your grades, make sure
to follow your instructor's guidelines to receive credit on your project.

epsilon: 0.3     learning rate: 0.7
Starting on 5-18 at 18:21:04

Question q8
===========

*** FAIL: test_cases/q8/grade-agent.test
***     Solution is not correct.
***        Student solution: (0.1, 0.5)
*** Tests failed.

### Question q8: 0/1 ###


Finished at 18:21:04

Provisional grades
==================
Question q8: 0/1
------------------
Total: 0/1

Your grades are NOT yet registered.  To register your grades, make sure
to follow your instructor's guidelines to receive credit on your project.

epsilon: 0.3     learning rate: 0.8
Starting on 5-18 at 18:21:04

Question q8
===========

*** FAIL: test_cases/q8/grade-agent.test
***     Solution is not correct.
***        Student solution: (0.1, 0.5)
*** Tests failed.

### Question q8: 0/1 ###


Finished at 18:21:04

Provisional grades
==================
Question q8: 0/1
------------------
Total: 0/1

Your grades are NOT yet registered.  To register your grades, make sure
to follow your instructor's guidelines to receive credit on your project.

epsilon: 0.3     learning rate: 0.9
Starting on 5-18 at 18:21:04

Question q8
===========

*** FAIL: test_cases/q8/grade-agent.test
***     Solution is not correct.
***        Student solution: (0.1, 0.5)
*** Tests failed.

### Question q8: 0/1 ###


Finished at 18:21:04

Provisional grades
==================
Question q8: 0/1
------------------
Total: 0/1

Your grades are NOT yet registered.  To register your grades, make sure
to follow your instructor's guidelines to receive credit on your project.

epsilon: 0.3     learning rate: 1.0
Starting on 5-18 at 18:21:04

Question q8
===========

*** FAIL: test_cases/q8/grade-agent.test
***     Solution is not correct.
***        Student solution: (0.1, 0.5)
*** Tests failed.

### Question q8: 0/1 ###


Finished at 18:21:04

Provisional grades
==================
Question q8: 0/1
------------------
Total: 0/1

Your grades are NOT yet registered.  To register your grades, make sure
to follow your instructor's guidelines to receive credit on your project.

epsilon: 0.4     learning rate: 0.1
Starting on 5-18 at 18:21:04

Question q8
===========

*** FAIL: test_cases/q8/grade-agent.test
***     Solution is not correct.
***        Student solution: (0.1, 0.5)
*** Tests failed.

### Question q8: 0/1 ###


Finished at 18:21:04

Provisional grades
==================
Question q8: 0/1
------------------
Total: 0/1

Your grades are NOT yet registered.  To register your grades, make sure
to follow your instructor's guidelines to receive credit on your project.

epsilon: 0.4     learning rate: 0.1
Starting on 5-18 at 18:21:04

Question q8
===========

*** FAIL: test_cases/q8/grade-agent.test
***     Solution is not correct.
***        Student solution: (0.1, 0.5)
*** Tests failed.

### Question q8: 0/1 ###


Finished at 18:21:04

Provisional grades
==================
Question q8: 0/1
------------------
Total: 0/1

Your grades are NOT yet registered.  To register your grades, make sure
to follow your instructor's guidelines to receive credit on your project.

epsilon: 0.4     learning rate: 0.2
Starting on 5-18 at 18:21:05

Question q8
===========

*** FAIL: test_cases/q8/grade-agent.test
***     Solution is not correct.
***        Student solution: (0.1, 0.5)
*** Tests failed.

### Question q8: 0/1 ###


Finished at 18:21:05

Provisional grades
==================
Question q8: 0/1
------------------
Total: 0/1

Your grades are NOT yet registered.  To register your grades, make sure
to follow your instructor's guidelines to receive credit on your project.

epsilon: 0.4     learning rate: 0.3
Starting on 5-18 at 18:21:05

Question q8
===========

*** FAIL: test_cases/q8/grade-agent.test
***     Solution is not correct.
***        Student solution: (0.4, 0.3)
*** Tests failed.

### Question q8: 0/1 ###


Finished at 18:21:05

Provisional grades
==================
Question q8: 0/1
------------------
Total: 0/1

Your grades are NOT yet registered.  To register your grades, make sure
to follow your instructor's guidelines to receive credit on your project.

epsilon: 0.4     learning rate: 0.4
Starting on 5-18 at 18:21:05

Question q8
===========

*** FAIL: test_cases/q8/grade-agent.test
***     Solution is not correct.
***        Student solution: (0.4, 0.3)
*** Tests failed.

### Question q8: 0/1 ###


Finished at 18:21:05

Provisional grades
==================
Question q8: 0/1
------------------
Total: 0/1

Your grades are NOT yet registered.  To register your grades, make sure
to follow your instructor's guidelines to receive credit on your project.

epsilon: 0.4     learning rate: 0.5
Starting on 5-18 at 18:21:05

Question q8
===========

*** FAIL: test_cases/q8/grade-agent.test
***     Solution is not correct.
***        Student solution: (0.4, 0.3)
*** Tests failed.

### Question q8: 0/1 ###


Finished at 18:21:05

Provisional grades
==================
Question q8: 0/1
------------------
Total: 0/1

Your grades are NOT yet registered.  To register your grades, make sure
to follow your instructor's guidelines to receive credit on your project.

epsilon: 0.4     learning rate: 0.6
Starting on 5-18 at 18:21:05

Question q8
===========

*** FAIL: test_cases/q8/grade-agent.test
***     Solution is not correct.
***        Student solution: (0.4, 0.3)
*** Tests failed.

### Question q8: 0/1 ###


Finished at 18:21:05

Provisional grades
==================
Question q8: 0/1
------------------
Total: 0/1

Your grades are NOT yet registered.  To register your grades, make sure
to follow your instructor's guidelines to receive credit on your project.

epsilon: 0.4     learning rate: 0.7
Starting on 5-18 at 18:21:05

Question q8
===========

*** FAIL: test_cases/q8/grade-agent.test
***     Solution is not correct.
***        Student solution: (0.4, 0.3)
*** Tests failed.

### Question q8: 0/1 ###


Finished at 18:21:05

Provisional grades
==================
Question q8: 0/1
------------------
Total: 0/1

Your grades are NOT yet registered.  To register your grades, make sure
to follow your instructor's guidelines to receive credit on your project.

epsilon: 0.4     learning rate: 0.8
Starting on 5-18 at 18:21:05

Question q8
===========

*** FAIL: test_cases/q8/grade-agent.test
***     Solution is not correct.
***        Student solution: (0.4, 0.3)
*** Tests failed.

### Question q8: 0/1 ###


Finished at 18:21:05

Provisional grades
==================
Question q8: 0/1
------------------
Total: 0/1

Your grades are NOT yet registered.  To register your grades, make sure
to follow your instructor's guidelines to receive credit on your project.

epsilon: 0.4     learning rate: 0.9
Starting on 5-18 at 18:21:05

Question q8
===========

*** FAIL: test_cases/q8/grade-agent.test
***     Solution is not correct.
***        Student solution: (0.4, 0.3)
*** Tests failed.

### Question q8: 0/1 ###


Finished at 18:21:05

Provisional grades
==================
Question q8: 0/1
------------------
Total: 0/1

Your grades are NOT yet registered.  To register your grades, make sure
to follow your instructor's guidelines to receive credit on your project.

epsilon: 0.4     learning rate: 1.0
Starting on 5-18 at 18:21:05

Question q8
===========

*** FAIL: test_cases/q8/grade-agent.test
***     Solution is not correct.
***        Student solution: (0.4, 0.3)
*** Tests failed.

### Question q8: 0/1 ###


Finished at 18:21:05

Provisional grades
==================
Question q8: 0/1
------------------
Total: 0/1

Your grades are NOT yet registered.  To register your grades, make sure
to follow your instructor's guidelines to receive credit on your project.

epsilon: 0.5     learning rate: 0.1
Starting on 5-18 at 18:21:05

Question q8
===========

*** FAIL: test_cases/q8/grade-agent.test
***     Solution is not correct.
***        Student solution: (0.4, 0.3)
*** Tests failed.

### Question q8: 0/1 ###


Finished at 18:21:05

Provisional grades
==================
Question q8: 0/1
------------------
Total: 0/1

Your grades are NOT yet registered.  To register your grades, make sure
to follow your instructor's guidelines to receive credit on your project.

epsilon: 0.5     learning rate: 0.1
Starting on 5-18 at 18:21:05

Question q8
===========

*** FAIL: test_cases/q8/grade-agent.test
***     Solution is not correct.
***        Student solution: (0.4, 0.3)
*** Tests failed.

### Question q8: 0/1 ###


Finished at 18:21:05

Provisional grades
==================
Question q8: 0/1
------------------
Total: 0/1

Your grades are NOT yet registered.  To register your grades, make sure
to follow your instructor's guidelines to receive credit on your project.

epsilon: 0.5     learning rate: 0.2
Starting on 5-18 at 18:21:05

Question q8
===========

*** FAIL: test_cases/q8/grade-agent.test
***     Solution is not correct.
***        Student solution: (0.4, 0.3)
*** Tests failed.

### Question q8: 0/1 ###


Finished at 18:21:05

Provisional grades
==================
Question q8: 0/1
------------------
Total: 0/1

Your grades are NOT yet registered.  To register your grades, make sure
to follow your instructor's guidelines to receive credit on your project.

epsilon: 0.5     learning rate: 0.3
Starting on 5-18 at 18:21:05

Question q8
===========

*** FAIL: test_cases/q8/grade-agent.test
***     Solution is not correct.
***        Student solution: (0.4, 0.3)
*** Tests failed.

### Question q8: 0/1 ###


Finished at 18:21:05

Provisional grades
==================
Question q8: 0/1
------------------
Total: 0/1

Your grades are NOT yet registered.  To register your grades, make sure
to follow your instructor's guidelines to receive credit on your project.

epsilon: 0.5     learning rate: 0.4
Starting on 5-18 at 18:21:05

Question q8
===========

*** FAIL: test_cases/q8/grade-agent.test
***     Solution is not correct.
***        Student solution: (0.4, 0.3)
*** Tests failed.

### Question q8: 0/1 ###


Finished at 18:21:05

Provisional grades
==================
Question q8: 0/1
------------------
Total: 0/1

Your grades are NOT yet registered.  To register your grades, make sure
to follow your instructor's guidelines to receive credit on your project.

epsilon: 0.5     learning rate: 0.5
Starting on 5-18 at 18:21:05

Question q8
===========

*** FAIL: test_cases/q8/grade-agent.test
***     Solution is not correct.
***        Student solution: (0.4, 0.3)
*** Tests failed.

### Question q8: 0/1 ###


Finished at 18:21:05

Provisional grades
==================
Question q8: 0/1
------------------
Total: 0/1

Your grades are NOT yet registered.  To register your grades, make sure
to follow your instructor's guidelines to receive credit on your project.

epsilon: 0.5     learning rate: 0.6
Starting on 5-18 at 18:21:05

Question q8
===========

*** FAIL: test_cases/q8/grade-agent.test
***     Solution is not correct.
***        Student solution: (0.4, 0.3)
*** Tests failed.

### Question q8: 0/1 ###


Finished at 18:21:05

Provisional grades
==================
Question q8: 0/1
------------------
Total: 0/1

Your grades are NOT yet registered.  To register your grades, make sure
to follow your instructor's guidelines to receive credit on your project.

epsilon: 0.5     learning rate: 0.7
Starting on 5-18 at 18:21:05

Question q8
===========

*** FAIL: test_cases/q8/grade-agent.test
***     Solution is not correct.
***        Student solution: (0.4, 0.3)
*** Tests failed.

### Question q8: 0/1 ###


Finished at 18:21:05

Provisional grades
==================
Question q8: 0/1
------------------
Total: 0/1

Your grades are NOT yet registered.  To register your grades, make sure
to follow your instructor's guidelines to receive credit on your project.

epsilon: 0.5     learning rate: 0.8
Starting on 5-18 at 18:21:05

Question q8
===========

*** FAIL: test_cases/q8/grade-agent.test
***     Solution is not correct.
***        Student solution: (0.4, 0.3)
*** Tests failed.

### Question q8: 0/1 ###


Finished at 18:21:05

Provisional grades
==================
Question q8: 0/1
------------------
Total: 0/1

Your grades are NOT yet registered.  To register your grades, make sure
to follow your instructor's guidelines to receive credit on your project.

epsilon: 0.5     learning rate: 0.9
Starting on 5-18 at 18:21:05

Question q8
===========

*** FAIL: test_cases/q8/grade-agent.test
***     Solution is not correct.
***        Student solution: (0.4, 0.3)
*** Tests failed.

### Question q8: 0/1 ###


Finished at 18:21:05

Provisional grades
==================
Question q8: 0/1
------------------
Total: 0/1

Your grades are NOT yet registered.  To register your grades, make sure
to follow your instructor's guidelines to receive credit on your project.

epsilon: 0.5     learning rate: 1.0
Starting on 5-18 at 18:21:05

Question q8
===========

*** FAIL: test_cases/q8/grade-agent.test
***     Solution is not correct.
***        Student solution: (0.4, 0.3)
*** Tests failed.

### Question q8: 0/1 ###


Finished at 18:21:05

Provisional grades
==================
Question q8: 0/1
------------------
Total: 0/1

Your grades are NOT yet registered.  To register your grades, make sure
to follow your instructor's guidelines to receive credit on your project.

epsilon: 0.6     learning rate: 0.1
Starting on 5-18 at 18:21:05

Question q8
===========

*** FAIL: test_cases/q8/grade-agent.test
***     Solution is not correct.
***        Student solution: (0.4, 0.3)
*** Tests failed.

### Question q8: 0/1 ###


Finished at 18:21:05

Provisional grades
==================
Question q8: 0/1
------------------
Total: 0/1

Your grades are NOT yet registered.  To register your grades, make sure
to follow your instructor's guidelines to receive credit on your project.

epsilon: 0.6     learning rate: 0.1
Starting on 5-18 at 18:21:05

Question q8
===========

*** FAIL: test_cases/q8/grade-agent.test
***     Solution is not correct.
***        Student solution: (0.4, 0.3)
*** Tests failed.

### Question q8: 0/1 ###


Finished at 18:21:05

Provisional grades
==================
Question q8: 0/1
------------------
Total: 0/1

Your grades are NOT yet registered.  To register your grades, make sure
to follow your instructor's guidelines to receive credit on your project.

epsilon: 0.6     learning rate: 0.2
Starting on 5-18 at 18:21:05

Question q8
===========

*** FAIL: test_cases/q8/grade-agent.test
***     Solution is not correct.
***        Student solution: (0.4, 0.3)
*** Tests failed.

### Question q8: 0/1 ###


Finished at 18:21:05

Provisional grades
==================
Question q8: 0/1
------------------
Total: 0/1

Your grades are NOT yet registered.  To register your grades, make sure
to follow your instructor's guidelines to receive credit on your project.

epsilon: 0.6     learning rate: 0.3
Starting on 5-18 at 18:21:05

Question q8
===========

*** FAIL: test_cases/q8/grade-agent.test
***     Solution is not correct.
***        Student solution: (0.4, 0.3)
*** Tests failed.

### Question q8: 0/1 ###


Finished at 18:21:05

Provisional grades
==================
Question q8: 0/1
------------------
Total: 0/1

Your grades are NOT yet registered.  To register your grades, make sure
to follow your instructor's guidelines to receive credit on your project.

epsilon: 0.6     learning rate: 0.4
Starting on 5-18 at 18:21:05

Question q8
===========

*** FAIL: test_cases/q8/grade-agent.test
***     Solution is not correct.
***        Student solution: (0.4, 0.3)
*** Tests failed.

### Question q8: 0/1 ###


Finished at 18:21:05

Provisional grades
==================
Question q8: 0/1
------------------
Total: 0/1

Your grades are NOT yet registered.  To register your grades, make sure
to follow your instructor's guidelines to receive credit on your project.

epsilon: 0.6     learning rate: 0.5
Starting on 5-18 at 18:21:05

Question q8
===========

*** FAIL: test_cases/q8/grade-agent.test
***     Solution is not correct.
***        Student solution: (0.4, 0.3)
*** Tests failed.

### Question q8: 0/1 ###


Finished at 18:21:05

Provisional grades
==================
Question q8: 0/1
------------------
Total: 0/1

Your grades are NOT yet registered.  To register your grades, make sure
to follow your instructor's guidelines to receive credit on your project.

epsilon: 0.6     learning rate: 0.6
Starting on 5-18 at 18:21:05

Question q8
===========

*** FAIL: test_cases/q8/grade-agent.test
***     Solution is not correct.
***        Student solution: (0.4, 0.3)
*** Tests failed.

### Question q8: 0/1 ###


Finished at 18:21:05

Provisional grades
==================
Question q8: 0/1
------------------
Total: 0/1

Your grades are NOT yet registered.  To register your grades, make sure
to follow your instructor's guidelines to receive credit on your project.

epsilon: 0.6     learning rate: 0.7
Starting on 5-18 at 18:21:05

Question q8
===========

*** FAIL: test_cases/q8/grade-agent.test
***     Solution is not correct.
***        Student solution: (0.4, 0.3)
*** Tests failed.

### Question q8: 0/1 ###


Finished at 18:21:05

Provisional grades
==================
Question q8: 0/1
------------------
Total: 0/1

Your grades are NOT yet registered.  To register your grades, make sure
to follow your instructor's guidelines to receive credit on your project.

epsilon: 0.6     learning rate: 0.8
Starting on 5-18 at 18:21:05

Question q8
===========

*** FAIL: test_cases/q8/grade-agent.test
***     Solution is not correct.
***        Student solution: (0.4, 0.3)
*** Tests failed.

### Question q8: 0/1 ###


Finished at 18:21:05

Provisional grades
==================
Question q8: 0/1
------------------
Total: 0/1

Your grades are NOT yet registered.  To register your grades, make sure
to follow your instructor's guidelines to receive credit on your project.

epsilon: 0.6     learning rate: 0.9
Starting on 5-18 at 18:21:05

Question q8
===========

*** FAIL: test_cases/q8/grade-agent.test
***     Solution is not correct.
***        Student solution: (0.4, 0.3)
*** Tests failed.

### Question q8: 0/1 ###


Finished at 18:21:05

Provisional grades
==================
Question q8: 0/1
------------------
Total: 0/1

Your grades are NOT yet registered.  To register your grades, make sure
to follow your instructor's guidelines to receive credit on your project.

epsilon: 0.6     learning rate: 1.0
Starting on 5-18 at 18:21:05

Question q8
===========

*** FAIL: test_cases/q8/grade-agent.test
***     Solution is not correct.
***        Student solution: (0.4, 0.3)
*** Tests failed.

### Question q8: 0/1 ###


Finished at 18:21:05

Provisional grades
==================
Question q8: 0/1
------------------
Total: 0/1

Your grades are NOT yet registered.  To register your grades, make sure
to follow your instructor's guidelines to receive credit on your project.

epsilon: 0.7     learning rate: 0.1
Starting on 5-18 at 18:21:06

Question q8
===========

*** FAIL: test_cases/q8/grade-agent.test
***     Solution is not correct.
***        Student solution: (0.4, 0.3)
*** Tests failed.

### Question q8: 0/1 ###


Finished at 18:21:06

Provisional grades
==================
Question q8: 0/1
------------------
Total: 0/1

Your grades are NOT yet registered.  To register your grades, make sure
to follow your instructor's guidelines to receive credit on your project.

epsilon: 0.7     learning rate: 0.1
Starting on 5-18 at 18:21:06

Question q8
===========

*** FAIL: test_cases/q8/grade-agent.test
***     Solution is not correct.
***        Student solution: (0.7, 0.1)
*** Tests failed.

### Question q8: 0/1 ###


Finished at 18:21:06

Provisional grades
==================
Question q8: 0/1
------------------
Total: 0/1

Your grades are NOT yet registered.  To register your grades, make sure
to follow your instructor's guidelines to receive credit on your project.

epsilon: 0.7     learning rate: 0.2
Starting on 5-18 at 18:21:06

Question q8
===========

*** FAIL: test_cases/q8/grade-agent.test
***     Solution is not correct.
***        Student solution: (0.7, 0.1)
*** Tests failed.

### Question q8: 0/1 ###


Finished at 18:21:06

Provisional grades
==================
Question q8: 0/1
------------------
Total: 0/1

Your grades are NOT yet registered.  To register your grades, make sure
to follow your instructor's guidelines to receive credit on your project.

epsilon: 0.7     learning rate: 0.3
Starting on 5-18 at 18:21:06

Question q8
===========

*** FAIL: test_cases/q8/grade-agent.test
***     Solution is not correct.
***        Student solution: (0.7, 0.1)
*** Tests failed.

### Question q8: 0/1 ###


Finished at 18:21:06

Provisional grades
==================
Question q8: 0/1
------------------
Total: 0/1

Your grades are NOT yet registered.  To register your grades, make sure
to follow your instructor's guidelines to receive credit on your project.

epsilon: 0.7     learning rate: 0.4
Starting on 5-18 at 18:21:06

Question q8
===========

*** FAIL: test_cases/q8/grade-agent.test
***     Solution is not correct.
***        Student solution: (0.7, 0.1)
*** Tests failed.

### Question q8: 0/1 ###


Finished at 18:21:06

Provisional grades
==================
Question q8: 0/1
------------------
Total: 0/1

Your grades are NOT yet registered.  To register your grades, make sure
to follow your instructor's guidelines to receive credit on your project.

epsilon: 0.7     learning rate: 0.5
Starting on 5-18 at 18:21:06

Question q8
===========

*** FAIL: test_cases/q8/grade-agent.test
***     Solution is not correct.
***        Student solution: (0.7, 0.1)
*** Tests failed.

### Question q8: 0/1 ###


Finished at 18:21:06

Provisional grades
==================
Question q8: 0/1
------------------
Total: 0/1

Your grades are NOT yet registered.  To register your grades, make sure
to follow your instructor's guidelines to receive credit on your project.

epsilon: 0.7     learning rate: 0.6
Starting on 5-18 at 18:21:06

Question q8
===========

*** FAIL: test_cases/q8/grade-agent.test
***     Solution is not correct.
***        Student solution: (0.7, 0.1)
*** Tests failed.

### Question q8: 0/1 ###


Finished at 18:21:06

Provisional grades
==================
Question q8: 0/1
------------------
Total: 0/1

Your grades are NOT yet registered.  To register your grades, make sure
to follow your instructor's guidelines to receive credit on your project.

epsilon: 0.7     learning rate: 0.7
Starting on 5-18 at 18:21:06

Question q8
===========

*** FAIL: test_cases/q8/grade-agent.test
***     Solution is not correct.
***        Student solution: (0.7, 0.1)
*** Tests failed.

### Question q8: 0/1 ###


Finished at 18:21:06

Provisional grades
==================
Question q8: 0/1
------------------
Total: 0/1

Your grades are NOT yet registered.  To register your grades, make sure
to follow your instructor's guidelines to receive credit on your project.

epsilon: 0.7     learning rate: 0.8
Starting on 5-18 at 18:21:06

Question q8
===========

*** FAIL: test_cases/q8/grade-agent.test
***     Solution is not correct.
***        Student solution: (0.7, 0.1)
*** Tests failed.

### Question q8: 0/1 ###


Finished at 18:21:06

Provisional grades
==================
Question q8: 0/1
------------------
Total: 0/1

Your grades are NOT yet registered.  To register your grades, make sure
to follow your instructor's guidelines to receive credit on your project.

epsilon: 0.7     learning rate: 0.9
Starting on 5-18 at 18:21:06

Question q8
===========

*** FAIL: test_cases/q8/grade-agent.test
***     Solution is not correct.
***        Student solution: (0.7, 0.1)
*** Tests failed.

### Question q8: 0/1 ###


Finished at 18:21:06

Provisional grades
==================
Question q8: 0/1
------------------
Total: 0/1

Your grades are NOT yet registered.  To register your grades, make sure
to follow your instructor's guidelines to receive credit on your project.

epsilon: 0.7     learning rate: 1.0
Starting on 5-18 at 18:21:06

Question q8
===========

*** FAIL: test_cases/q8/grade-agent.test
***     Solution is not correct.
***        Student solution: (0.7, 0.1)
*** Tests failed.

### Question q8: 0/1 ###


Finished at 18:21:06

Provisional grades
==================
Question q8: 0/1
------------------
Total: 0/1

Your grades are NOT yet registered.  To register your grades, make sure
to follow your instructor's guidelines to receive credit on your project.

epsilon: 0.8     learning rate: 0.1
Starting on 5-18 at 18:21:06

Question q8
===========

*** FAIL: test_cases/q8/grade-agent.test
***     Solution is not correct.
***        Student solution: (0.7, 0.1)
*** Tests failed.

### Question q8: 0/1 ###


Finished at 18:21:06

Provisional grades
==================
Question q8: 0/1
------------------
Total: 0/1

Your grades are NOT yet registered.  To register your grades, make sure
to follow your instructor's guidelines to receive credit on your project.

epsilon: 0.8     learning rate: 0.1
Starting on 5-18 at 18:21:06

Question q8
===========

*** FAIL: test_cases/q8/grade-agent.test
***     Solution is not correct.
***        Student solution: (0.7, 0.1)
*** Tests failed.

### Question q8: 0/1 ###


Finished at 18:21:06

Provisional grades
==================
Question q8: 0/1
------------------
Total: 0/1

Your grades are NOT yet registered.  To register your grades, make sure
to follow your instructor's guidelines to receive credit on your project.

epsilon: 0.8     learning rate: 0.2
Starting on 5-18 at 18:21:06

Question q8
===========

*** FAIL: test_cases/q8/grade-agent.test
***     Solution is not correct.
***        Student solution: (0.7, 0.1)
*** Tests failed.

### Question q8: 0/1 ###


Finished at 18:21:06

Provisional grades
==================
Question q8: 0/1
------------------
Total: 0/1

Your grades are NOT yet registered.  To register your grades, make sure
to follow your instructor's guidelines to receive credit on your project.

epsilon: 0.8     learning rate: 0.3
Starting on 5-18 at 18:21:06

Question q8
===========

*** FAIL: test_cases/q8/grade-agent.test
***     Solution is not correct.
***        Student solution: (0.7, 0.1)
*** Tests failed.

### Question q8: 0/1 ###


Finished at 18:21:06

Provisional grades
==================
Question q8: 0/1
------------------
Total: 0/1

Your grades are NOT yet registered.  To register your grades, make sure
to follow your instructor's guidelines to receive credit on your project.

epsilon: 0.8     learning rate: 0.4
Starting on 5-18 at 18:21:06

Question q8
===========

*** FAIL: test_cases/q8/grade-agent.test
***     Solution is not correct.
***        Student solution: (0.7, 0.1)
*** Tests failed.

### Question q8: 0/1 ###


Finished at 18:21:06

Provisional grades
==================
Question q8: 0/1
------------------
Total: 0/1

Your grades are NOT yet registered.  To register your grades, make sure
to follow your instructor's guidelines to receive credit on your project.

epsilon: 0.8     learning rate: 0.5
Starting on 5-18 at 18:21:06

Question q8
===========

*** FAIL: test_cases/q8/grade-agent.test
***     Solution is not correct.
***        Student solution: (0.7, 0.1)
*** Tests failed.

### Question q8: 0/1 ###


Finished at 18:21:06

Provisional grades
==================
Question q8: 0/1
------------------
Total: 0/1

Your grades are NOT yet registered.  To register your grades, make sure
to follow your instructor's guidelines to receive credit on your project.

epsilon: 0.8     learning rate: 0.6
Starting on 5-18 at 18:21:06

Question q8
===========

*** FAIL: test_cases/q8/grade-agent.test
***     Solution is not correct.
***        Student solution: (0.7, 0.1)
*** Tests failed.

### Question q8: 0/1 ###


Finished at 18:21:06

Provisional grades
==================
Question q8: 0/1
------------------
Total: 0/1

Your grades are NOT yet registered.  To register your grades, make sure
to follow your instructor's guidelines to receive credit on your project.

epsilon: 0.8     learning rate: 0.7
Starting on 5-18 at 18:21:06

Question q8
===========

*** FAIL: test_cases/q8/grade-agent.test
***     Solution is not correct.
***        Student solution: (0.7, 0.1)
*** Tests failed.

### Question q8: 0/1 ###


Finished at 18:21:06

Provisional grades
==================
Question q8: 0/1
------------------
Total: 0/1

Your grades are NOT yet registered.  To register your grades, make sure
to follow your instructor's guidelines to receive credit on your project.

epsilon: 0.8     learning rate: 0.8
Starting on 5-18 at 18:21:06

Question q8
===========

*** FAIL: test_cases/q8/grade-agent.test
***     Solution is not correct.
***        Student solution: (0.7, 0.1)
*** Tests failed.

### Question q8: 0/1 ###


Finished at 18:21:06

Provisional grades
==================
Question q8: 0/1
------------------
Total: 0/1

Your grades are NOT yet registered.  To register your grades, make sure
to follow your instructor's guidelines to receive credit on your project.

epsilon: 0.8     learning rate: 0.9
Starting on 5-18 at 18:21:06

Question q8
===========

*** FAIL: test_cases/q8/grade-agent.test
***     Solution is not correct.
***        Student solution: (0.7, 0.1)
*** Tests failed.

### Question q8: 0/1 ###


Finished at 18:21:06

Provisional grades
==================
Question q8: 0/1
------------------
Total: 0/1

Your grades are NOT yet registered.  To register your grades, make sure
to follow your instructor's guidelines to receive credit on your project.

epsilon: 0.8     learning rate: 1.0
Starting on 5-18 at 18:21:06

Question q8
===========

*** FAIL: test_cases/q8/grade-agent.test
***     Solution is not correct.
***        Student solution: (0.7, 0.1)
*** Tests failed.

### Question q8: 0/1 ###


Finished at 18:21:06

Provisional grades
==================
Question q8: 0/1
------------------
Total: 0/1

Your grades are NOT yet registered.  To register your grades, make sure
to follow your instructor's guidelines to receive credit on your project.

epsilon: 0.9     learning rate: 0.1
Starting on 5-18 at 18:21:06

Question q8
===========

*** FAIL: test_cases/q8/grade-agent.test
***     Solution is not correct.
***        Student solution: (0.7, 0.1)
*** Tests failed.

### Question q8: 0/1 ###


Finished at 18:21:06

Provisional grades
==================
Question q8: 0/1
------------------
Total: 0/1

Your grades are NOT yet registered.  To register your grades, make sure
to follow your instructor's guidelines to receive credit on your project.

epsilon: 0.9     learning rate: 0.1
Starting on 5-18 at 18:21:06

Question q8
===========

*** FAIL: test_cases/q8/grade-agent.test
***     Solution is not correct.
***        Student solution: (0.7, 0.1)
*** Tests failed.

### Question q8: 0/1 ###


Finished at 18:21:06

Provisional grades
==================
Question q8: 0/1
------------------
Total: 0/1

Your grades are NOT yet registered.  To register your grades, make sure
to follow your instructor's guidelines to receive credit on your project.

epsilon: 0.9     learning rate: 0.2
Starting on 5-18 at 18:21:06

Question q8
===========

*** FAIL: test_cases/q8/grade-agent.test
***     Solution is not correct.
***        Student solution: (0.7, 0.1)
*** Tests failed.

### Question q8: 0/1 ###


Finished at 18:21:06

Provisional grades
==================
Question q8: 0/1
------------------
Total: 0/1

Your grades are NOT yet registered.  To register your grades, make sure
to follow your instructor's guidelines to receive credit on your project.

epsilon: 0.9     learning rate: 0.3
Starting on 5-18 at 18:21:06

Question q8
===========

*** FAIL: test_cases/q8/grade-agent.test
***     Solution is not correct.
***        Student solution: (0.7, 0.1)
*** Tests failed.

### Question q8: 0/1 ###


Finished at 18:21:06

Provisional grades
==================
Question q8: 0/1
------------------
Total: 0/1

Your grades are NOT yet registered.  To register your grades, make sure
to follow your instructor's guidelines to receive credit on your project.

epsilon: 0.9     learning rate: 0.4
Starting on 5-18 at 18:21:06

Question q8
===========

*** FAIL: test_cases/q8/grade-agent.test
***     Solution is not correct.
***        Student solution: (0.7, 0.1)
*** Tests failed.

### Question q8: 0/1 ###


Finished at 18:21:06

Provisional grades
==================
Question q8: 0/1
------------------
Total: 0/1

Your grades are NOT yet registered.  To register your grades, make sure
to follow your instructor's guidelines to receive credit on your project.

epsilon: 0.9     learning rate: 0.5
Starting on 5-18 at 18:21:06

Question q8
===========

*** FAIL: test_cases/q8/grade-agent.test
***     Solution is not correct.
***        Student solution: (0.7, 0.1)
*** Tests failed.

### Question q8: 0/1 ###


Finished at 18:21:06

Provisional grades
==================
Question q8: 0/1
------------------
Total: 0/1

Your grades are NOT yet registered.  To register your grades, make sure
to follow your instructor's guidelines to receive credit on your project.

epsilon: 0.9     learning rate: 0.6
Starting on 5-18 at 18:21:06

Question q8
===========

*** FAIL: test_cases/q8/grade-agent.test
***     Solution is not correct.
***        Student solution: (0.7, 0.1)
*** Tests failed.

### Question q8: 0/1 ###


Finished at 18:21:06

Provisional grades
==================
Question q8: 0/1
------------------
Total: 0/1

Your grades are NOT yet registered.  To register your grades, make sure
to follow your instructor's guidelines to receive credit on your project.

epsilon: 0.9     learning rate: 0.7
Starting on 5-18 at 18:21:06

Question q8
===========

*** FAIL: test_cases/q8/grade-agent.test
***     Solution is not correct.
***        Student solution: (0.7, 0.1)
*** Tests failed.

### Question q8: 0/1 ###


Finished at 18:21:06

Provisional grades
==================
Question q8: 0/1
------------------
Total: 0/1

Your grades are NOT yet registered.  To register your grades, make sure
to follow your instructor's guidelines to receive credit on your project.

epsilon: 0.9     learning rate: 0.8
Starting on 5-18 at 18:21:06

Question q8
===========

*** FAIL: test_cases/q8/grade-agent.test
***     Solution is not correct.
***        Student solution: (0.7, 0.1)
*** Tests failed.

### Question q8: 0/1 ###


Finished at 18:21:06

Provisional grades
==================
Question q8: 0/1
------------------
Total: 0/1

Your grades are NOT yet registered.  To register your grades, make sure
to follow your instructor's guidelines to receive credit on your project.

epsilon: 0.9     learning rate: 0.9
Starting on 5-18 at 18:21:07

Question q8
===========

*** FAIL: test_cases/q8/grade-agent.test
***     Solution is not correct.
***        Student solution: (0.7, 0.1)
*** Tests failed.

### Question q8: 0/1 ###


Finished at 18:21:07

Provisional grades
==================
Question q8: 0/1
------------------
Total: 0/1

Your grades are NOT yet registered.  To register your grades, make sure
to follow your instructor's guidelines to receive credit on your project.

epsilon: 0.9     learning rate: 1.0
Starting on 5-18 at 18:21:07

Question q8
===========

*** FAIL: test_cases/q8/grade-agent.test
***     Solution is not correct.
***        Student solution: (0.9, 1.0)
*** Tests failed.

### Question q8: 0/1 ###


Finished at 18:21:07

Provisional grades
==================
Question q8: 0/1
------------------
Total: 0/1

Your grades are NOT yet registered.  To register your grades, make sure
to follow your instructor's guidelines to receive credit on your project.

epsilon: 1.0     learning rate: 0.1
Starting on 5-18 at 18:21:07

Question q8
===========

*** FAIL: test_cases/q8/grade-agent.test
***     Solution is not correct.
***        Student solution: (0.9, 1.0)
*** Tests failed.

### Question q8: 0/1 ###


Finished at 18:21:07

Provisional grades
==================
Question q8: 0/1
------------------
Total: 0/1

Your grades are NOT yet registered.  To register your grades, make sure
to follow your instructor's guidelines to receive credit on your project.

epsilon: 1.0     learning rate: 0.1
Starting on 5-18 at 18:21:07

Question q8
===========

*** FAIL: test_cases/q8/grade-agent.test
***     Solution is not correct.
***        Student solution: (0.9, 1.0)
*** Tests failed.

### Question q8: 0/1 ###


Finished at 18:21:07

Provisional grades
==================
Question q8: 0/1
------------------
Total: 0/1

Your grades are NOT yet registered.  To register your grades, make sure
to follow your instructor's guidelines to receive credit on your project.

epsilon: 1.0     learning rate: 0.2
Starting on 5-18 at 18:21:07

Question q8
===========

*** FAIL: test_cases/q8/grade-agent.test
***     Solution is not correct.
***        Student solution: (0.9, 1.0)
*** Tests failed.

### Question q8: 0/1 ###


Finished at 18:21:07

Provisional grades
==================
Question q8: 0/1
------------------
Total: 0/1

Your grades are NOT yet registered.  To register your grades, make sure
to follow your instructor's guidelines to receive credit on your project.

epsilon: 1.0     learning rate: 0.3
Starting on 5-18 at 18:21:07

Question q8
===========

*** FAIL: test_cases/q8/grade-agent.test
***     Solution is not correct.
***        Student solution: (0.9, 1.0)
*** Tests failed.

### Question q8: 0/1 ###


Finished at 18:21:07

Provisional grades
==================
Question q8: 0/1
------------------
Total: 0/1

Your grades are NOT yet registered.  To register your grades, make sure
to follow your instructor's guidelines to receive credit on your project.

epsilon: 1.0     learning rate: 0.4
Starting on 5-18 at 18:21:07

Question q8
===========

*** FAIL: test_cases/q8/grade-agent.test
***     Solution is not correct.
***        Student solution: (0.9, 1.0)
*** Tests failed.

### Question q8: 0/1 ###


Finished at 18:21:07

Provisional grades
==================
Question q8: 0/1
------------------
Total: 0/1

Your grades are NOT yet registered.  To register your grades, make sure
to follow your instructor's guidelines to receive credit on your project.

epsilon: 1.0     learning rate: 0.5
Starting on 5-18 at 18:21:07

Question q8
===========

*** FAIL: test_cases/q8/grade-agent.test
***     Solution is not correct.
***        Student solution: (0.9, 1.0)
*** Tests failed.

### Question q8: 0/1 ###


Finished at 18:21:07

Provisional grades
==================
Question q8: 0/1
------------------
Total: 0/1

Your grades are NOT yet registered.  To register your grades, make sure
to follow your instructor's guidelines to receive credit on your project.

epsilon: 1.0     learning rate: 0.6
Starting on 5-18 at 18:21:07

Question q8
===========

*** FAIL: test_cases/q8/grade-agent.test
***     Solution is not correct.
***        Student solution: (0.9, 1.0)
*** Tests failed.

### Question q8: 0/1 ###


Finished at 18:21:07

Provisional grades
==================
Question q8: 0/1
------------------
Total: 0/1

Your grades are NOT yet registered.  To register your grades, make sure
to follow your instructor's guidelines to receive credit on your project.

epsilon: 1.0     learning rate: 0.7
Starting on 5-18 at 18:21:07

Question q8
===========

*** FAIL: test_cases/q8/grade-agent.test
***     Solution is not correct.
***        Student solution: (0.9, 1.0)
*** Tests failed.

### Question q8: 0/1 ###


Finished at 18:21:07

Provisional grades
==================
Question q8: 0/1
------------------
Total: 0/1

Your grades are NOT yet registered.  To register your grades, make sure
to follow your instructor's guidelines to receive credit on your project.

epsilon: 1.0     learning rate: 0.8
Starting on 5-18 at 18:21:07

Question q8
===========

*** FAIL: test_cases/q8/grade-agent.test
***     Solution is not correct.
***        Student solution: (0.9, 1.0)
*** Tests failed.

### Question q8: 0/1 ###


Finished at 18:21:07

Provisional grades
==================
Question q8: 0/1
------------------
Total: 0/1

Your grades are NOT yet registered.  To register your grades, make sure
to follow your instructor's guidelines to receive credit on your project.

epsilon: 1.0     learning rate: 0.9
Starting on 5-18 at 18:21:07

Question q8
===========

*** FAIL: test_cases/q8/grade-agent.test
***     Solution is not correct.
***        Student solution: (0.9, 1.0)
*** Tests failed.

### Question q8: 0/1 ###


Finished at 18:21:07

Provisional grades
==================
Question q8: 0/1
------------------
Total: 0/1

Your grades are NOT yet registered.  To register your grades, make sure
to follow your instructor's guidelines to receive credit on your project.

epsilon: 1.0     learning rate: 1.0
Starting on 5-18 at 18:21:07

Question q8
===========

*** FAIL: test_cases/q8/grade-agent.test
***     Solution is not correct.
***        Student solution: (0.9, 1.0)
*** Tests failed.

### Question q8: 0/1 ###


Finished at 18:21:07

Provisional grades
==================
Question q8: 0/1
------------------
Total: 0/1

Your grades are NOT yet registered.  To register your grades, make sure
to follow your instructor's guidelines to receive credit on your project.

